android/build/outputs/logs/manifest-merger-release-report.txt
-- Merging decision tree log ---
manifest
ADDED from Carlito\android\AndroidManifest.xml:2:1-53:12
INJECTED from Carlito\android\AndroidManifest.xml:2:1-53:12
INJECTED from Carlito\android\AndroidManifest.xml:2:1-53:12
MERGED from [com.android.support.constraint:constraint-layout:1.1.0] AndroidManifest.xml:2:1-11:12
INJECTED from Carlito\android\AndroidManifest.xml:2:1-53:12
INJECTED from Carlito\android\AndroidManifest.xml:2:1-53:12
	package
		ADDED from Carlito\android\AndroidManifest.xml:3:5-48
	android:versionName
		ADDED from Carlito\android\AndroidManifest.xml:6:5-30
		INJECTED from Carlito\android\AndroidManifest.xml
		INJECTED from Carlito\android\AndroidManifest.xml
	xmlns:android
		ADDED from Carlito\android\AndroidManifest.xml:2:11-69
	android:versionCode
		ADDED from Carlito\android\AndroidManifest.xml:5:5-28
		INJECTED from Carlito\android\AndroidManifest.xml
		INJECTED from Carlito\android\AndroidManifest.xml
uses-permission#android.permission.BLUETOOTH
ADDED from Carlito\android\AndroidManifest.xml:7:5-68
	android:name
		ADDED from Carlito\android\AndroidManifest.xml:7:22-65
uses-permission#android.permission.BLUETOOTH_ADMIN
ADDED from Carlito\android\AndroidManifest.xml:8:5-74
	android:name
		ADDED from Carlito\android\AndroidManifest.xml:8:22-71
uses-sdk
ADDED from Carlito\android\AndroidManifest.xml:10:5-73
MERGED from [com.android.support.constraint:constraint-layout:1.1.0] AndroidManifest.xml:5:5-7:41
MERGED from [com.android.support.constraint:constraint-layout:1.1.0] AndroidManifest.xml:5:5-7:41
	android:targetSdkVersion
		ADDED from Carlito\android\AndroidManifest.xml:10:41-70
	android:minSdkVersion
		ADDED from Carlito\android\AndroidManifest.xml:10:15-40
application
ADDED from Carlito\android\AndroidManifest.xml:12:5-51:19
MERGED from [com.android.support.constraint:constraint-layout:1.1.0] AndroidManifest.xml:9:5-20
MERGED from [com.android.support.constraint:constraint-layout:1.1.0] AndroidManifest.xml:9:5-20
	android:label
		ADDED from Carlito\android\AndroidManifest.xml:15:9-41
	android:icon
		ADDED from Carlito\android\AndroidManifest.xml:14:9-38
	android:allowBackup
		ADDED from Carlito\android\AndroidManifest.xml:13:9-35
	android:theme
		ADDED from Carlito\android\AndroidManifest.xml:16:9-40
activity#com.brentaureli.mariobros.Menu.MainActivity
ADDED from Carlito\android\AndroidManifest.xml:17:9-24:20
	android:screenOrientation
		ADDED from Carlito\android\AndroidManifest.xml:19:13-50
	android:name
		ADDED from Carlito\android\AndroidManifest.xml:18:13-71
intent-filter#android.intent.action.MAIN+android.intent.category.LAUNCHER
ADDED from Carlito\android\AndroidManifest.xml:20:13-23:29
action#android.intent.action.MAIN
ADDED from Carlito\android\AndroidManifest.xml:21:17-69
	android:name
		ADDED from Carlito\android\AndroidManifest.xml:21:25-66
category#android.intent.category.LAUNCHER
ADDED from Carlito\android\AndroidManifest.xml:22:17-77
	android:name
		ADDED from Carlito\android\AndroidManifest.xml:22:27-74
activity#com.brentaureli.mariobros.android.AndroidLauncher
ADDED from Carlito\android\AndroidManifest.xml:25:9-30:20
	android:screenOrientation
		ADDED from Carlito\android\AndroidManifest.xml:28:13-50
	android:label
		ADDED from Carlito\android\AndroidManifest.xml:27:13-45
	android:configChanges
		ADDED from Carlito\android\AndroidManifest.xml:29:13-83
	android:name
		ADDED from Carlito\android\AndroidManifest.xml:26:13-77
activity#com.brentaureli.mariobros.Menu.ListaUrzadzen
ADDED from Carlito\android\AndroidManifest.xml:31:9-34:20
	android:screenOrientation
		ADDED from Carlito\android\AndroidManifest.xml:33:13-50
	android:name
		ADDED from Carlito\android\AndroidManifest.xml:32:13-72
activity#com.brentaureli.mariobros.Menu.ChooseLevelServer
ADDED from Carlito\android\AndroidManifest.xml:35:9-38:20
	android:screenOrientation
		ADDED from Carlito\android\AndroidManifest.xml:37:13-50
	android:name
		ADDED from Carlito\android\AndroidManifest.xml:36:13-76
activity#com.brentaureli.mariobros.Menu.ChooseLevelClient
ADDED from Carlito\android\AndroidManifest.xml:39:9-42:20
	android:screenOrientation
		ADDED from Carlito\android\AndroidManifest.xml:41:13-50
	android:name
		ADDED from Carlito\android\AndroidManifest.xml:40:13-76
activity#com.brentaureli.mariobros.Menu.ChooseLevelSingle
ADDED from Carlito\android\AndroidManifest.xml:43:9-46:20
	android:screenOrientation
		ADDED from Carlito\android\AndroidManifest.xml:45:13-50
	android:name
		ADDED from Carlito\android\AndroidManifest.xml:44:13-76
activity#carlito.Menu.Informations
ADDED from Carlito\android\AndroidManifest.xml:47:9-50:20
	android:screenOrientation
		ADDED from Carlito\android\AndroidManifest.xml:49:13-50
	android:name
		ADDED from Carlito\android\AndroidManifest.xml:48:13-53